2022-10-13 13:02:01,372 [Worker-4: Loading available Gradle versions] INFO  o.e.b.c.i.u.g.PublishedGradleVersions - Gradle version information cache is out-of-date. Trying to update.
2022-10-13 13:03:58,044 [Worker-5: Update Maven projects configuration] INFO  o.e.m.c.i.p.ProjectConfigurationManager - Update started
2022-10-13 13:04:35,741 [Worker-5: Update Maven projects configuration] INFO  o.e.m.c.i.l.LifecycleMappingFactory - Using org.eclipse.m2e.jdt.JarLifecycleMapping lifecycle mapping for MavenProject: com.example:backend-app:0.0.1-SNAPSHOT @ C:\Users\Prateek\OneDrive\simplelearn\MphasisClient_july_2022_batch2\Capstone Project\Capstone Project\Backend Project\backend-app\backend-app\pom.xml.
2022-10-13 13:04:51,542 [Worker-5: Update Maven projects configuration] INFO  o.e.m.j.i.AbstractJavaProjectConfigurator - Adding source folder /backend-app/src/main/java
2022-10-13 13:04:51,545 [Worker-5: Update Maven projects configuration] INFO  o.e.m.j.i.AbstractJavaProjectConfigurator - Adding resource folder /backend-app/src/main/resources
2022-10-13 13:04:51,569 [Worker-5: Update Maven projects configuration] INFO  o.e.m.j.i.AbstractJavaProjectConfigurator - Adding resource folder /backend-app/src/main/resources
2022-10-13 13:04:51,596 [Worker-5: Update Maven projects configuration] INFO  o.e.m.j.i.AbstractJavaProjectConfigurator - Adding source folder /backend-app/src/test/java
2022-10-13 13:04:53,080 [Worker-6: Building] INFO  o.e.m.c.i.embedder.EclipseLogger - Using 'UTF-8' encoding to copy filtered resources.
2022-10-13 13:04:53,080 [Worker-6: Building] INFO  o.e.m.c.i.embedder.EclipseLogger - Using 'UTF-8' encoding to copy filtered properties files.
2022-10-13 13:04:53,092 [Worker-6: Building] INFO  o.e.m.c.i.embedder.EclipseLogger - Copying 1 resource
2022-10-13 13:04:53,139 [Worker-6: Building] INFO  o.e.m.c.i.embedder.EclipseLogger - Copying 0 resource
2022-10-13 13:04:53,146 [Worker-6: Building] INFO  o.e.m.c.i.embedder.EclipseLogger - Using 'UTF-8' encoding to copy filtered resources.
2022-10-13 13:04:53,146 [Worker-6: Building] INFO  o.e.m.c.i.embedder.EclipseLogger - Using 'UTF-8' encoding to copy filtered properties files.
2022-10-13 13:04:53,147 [Worker-6: Building] INFO  o.e.m.c.i.embedder.EclipseLogger - skip non existing resourceDirectory C:\Users\Prateek\OneDrive\simplelearn\MphasisClient_july_2022_batch2\Capstone Project\Capstone Project\Backend Project\backend-app\backend-app\src\test\resources
2022-10-13 13:05:05,660 [Worker-5: Update Maven projects configuration] INFO  o.e.m.c.i.embedder.EclipseLogger - Using 'UTF-8' encoding to copy filtered resources.
2022-10-13 13:05:05,660 [Worker-5: Update Maven projects configuration] INFO  o.e.m.c.i.embedder.EclipseLogger - Using 'UTF-8' encoding to copy filtered properties files.
2022-10-13 13:05:05,670 [Worker-5: Update Maven projects configuration] INFO  o.e.m.c.i.embedder.EclipseLogger - Copying 1 resource
2022-10-13 13:05:05,678 [Worker-5: Update Maven projects configuration] INFO  o.e.m.c.i.embedder.EclipseLogger - Copying 0 resource
2022-10-13 13:05:05,689 [Worker-5: Update Maven projects configuration] INFO  o.e.m.c.i.embedder.EclipseLogger - Using 'UTF-8' encoding to copy filtered resources.
2022-10-13 13:05:05,690 [Worker-5: Update Maven projects configuration] INFO  o.e.m.c.i.embedder.EclipseLogger - Using 'UTF-8' encoding to copy filtered properties files.
2022-10-13 13:05:05,690 [Worker-5: Update Maven projects configuration] INFO  o.e.m.c.i.embedder.EclipseLogger - skip non existing resourceDirectory C:\Users\Prateek\OneDrive\simplelearn\MphasisClient_july_2022_batch2\Capstone Project\Capstone Project\Backend Project\backend-app\backend-app\src\test\resources
2022-10-13 13:05:12,102 [Worker-5: Update Maven projects configuration] INFO  o.e.m.c.i.p.ProjectConfigurationManager - Update completed: 74 sec
2022-10-13 13:05:32,070 [Worker-2: Updating Maven Project] INFO  o.e.m.c.i.p.ProjectConfigurationManager - Update started
2022-10-13 13:05:33,842 [Worker-2: Updating Maven Project] INFO  o.e.m.c.i.l.LifecycleMappingFactory - Using org.eclipse.m2e.jdt.JarLifecycleMapping lifecycle mapping for MavenProject: com.example:backend-app:0.0.1-SNAPSHOT @ C:\Users\Prateek\OneDrive\simplelearn\MphasisClient_july_2022_batch2\Capstone Project\Capstone Project\Backend Project\backend-app\backend-app\pom.xml.
2022-10-13 13:05:35,908 [Worker-2: Updating Maven Project] INFO  o.e.m.j.i.AbstractJavaProjectConfigurator - Adding source folder /backend-app/src/main/java
2022-10-13 13:05:35,909 [Worker-2: Updating Maven Project] INFO  o.e.m.j.i.AbstractJavaProjectConfigurator - Adding resource folder /backend-app/src/main/resources
2022-10-13 13:05:35,910 [Worker-2: Updating Maven Project] INFO  o.e.m.j.i.AbstractJavaProjectConfigurator - Adding resource folder /backend-app/src/main/resources
2022-10-13 13:05:35,912 [Worker-2: Updating Maven Project] INFO  o.e.m.j.i.AbstractJavaProjectConfigurator - Adding source folder /backend-app/src/test/java
2022-10-13 13:05:52,150 [Worker-2: Updating Maven Project] INFO  o.e.m.c.i.embedder.EclipseLogger - Using 'UTF-8' encoding to copy filtered resources.
2022-10-13 13:05:52,150 [Worker-2: Updating Maven Project] INFO  o.e.m.c.i.embedder.EclipseLogger - Using 'UTF-8' encoding to copy filtered properties files.
2022-10-13 13:05:52,161 [Worker-2: Updating Maven Project] INFO  o.e.m.c.i.embedder.EclipseLogger - Copying 1 resource
2022-10-13 13:05:52,202 [Worker-2: Updating Maven Project] INFO  o.e.m.c.i.embedder.EclipseLogger - Copying 0 resource
2022-10-13 13:05:52,211 [Worker-2: Updating Maven Project] INFO  o.e.m.c.i.embedder.EclipseLogger - Using 'UTF-8' encoding to copy filtered resources.
2022-10-13 13:05:52,211 [Worker-2: Updating Maven Project] INFO  o.e.m.c.i.embedder.EclipseLogger - Using 'UTF-8' encoding to copy filtered properties files.
2022-10-13 13:05:52,212 [Worker-2: Updating Maven Project] INFO  o.e.m.c.i.embedder.EclipseLogger - skip non existing resourceDirectory C:\Users\Prateek\OneDrive\simplelearn\MphasisClient_july_2022_batch2\Capstone Project\Capstone Project\Backend Project\backend-app\backend-app\src\test\resources
2022-10-13 13:05:54,621 [Worker-2: Updating Maven Project] INFO  o.e.m.c.i.p.ProjectConfigurationManager - Update completed: 22 sec
2022-10-13 13:09:02,779 [Worker-24: Launching MyAppApplication] INFO  o.e.m.c.i.embedder.EclipseLogger - Using 'UTF-8' encoding to copy filtered resources.
2022-10-13 13:09:02,780 [Worker-24: Launching MyAppApplication] INFO  o.e.m.c.i.embedder.EclipseLogger - Using 'UTF-8' encoding to copy filtered properties files.
2022-10-13 13:09:02,782 [Worker-24: Launching MyAppApplication] INFO  o.e.m.c.i.embedder.EclipseLogger - Copying 1 resource
2022-10-13 13:09:02,786 [Worker-24: Launching MyAppApplication] INFO  o.e.m.c.i.embedder.EclipseLogger - Copying 0 resource
2022-10-13 13:09:02,790 [Worker-24: Launching MyAppApplication] INFO  o.e.m.c.i.embedder.EclipseLogger - Using 'UTF-8' encoding to copy filtered resources.
2022-10-13 13:09:02,790 [Worker-24: Launching MyAppApplication] INFO  o.e.m.c.i.embedder.EclipseLogger - Using 'UTF-8' encoding to copy filtered properties files.
2022-10-13 13:09:02,790 [Worker-24: Launching MyAppApplication] INFO  o.e.m.c.i.embedder.EclipseLogger - skip non existing resourceDirectory C:\Users\Prateek\OneDrive\simplelearn\MphasisClient_july_2022_batch2\Capstone Project\Capstone Project\Backend Project\backend-app\backend-app\src\test\resources
2022-10-13 16:41:52,002 [Worker-33: Creating project "Drive_Your_Way_Test"] INFO  o.e.m.c.i.l.LifecycleMappingFactory - Using org.eclipse.m2e.jdt.JarLifecycleMapping lifecycle mapping for MavenProject: My_Project:Drive_Your_Way_Test:0.0.1-SNAPSHOT @ C:\Users\Prateek\OneDrive\simplelearn\MphasisClient_july_2022_batch2\Capstone Project\Capstone Project\Backend Project\backend-app\Drive_Your_Way_Test\pom.xml.
2022-10-13 16:41:53,904 [Worker-33: Creating project "Drive_Your_Way_Test"] INFO  o.e.m.j.i.AbstractJavaProjectConfigurator - Adding source folder /Drive_Your_Way_Test/src/main/java
2022-10-13 16:41:53,905 [Worker-33: Creating project "Drive_Your_Way_Test"] INFO  o.e.m.j.i.AbstractJavaProjectConfigurator - Adding resource folder /Drive_Your_Way_Test/src/main/resources
2022-10-13 16:41:53,906 [Worker-33: Creating project "Drive_Your_Way_Test"] INFO  o.e.m.j.i.AbstractJavaProjectConfigurator - Adding source folder /Drive_Your_Way_Test/src/test/java
2022-10-13 16:41:53,907 [Worker-33: Creating project "Drive_Your_Way_Test"] INFO  o.e.m.j.i.AbstractJavaProjectConfigurator - Adding resource folder /Drive_Your_Way_Test/src/test/resources
2022-10-13 16:42:19,490 [Worker-33: Creating project "Drive_Your_Way_Test"] WARN  o.e.m.c.i.embedder.EclipseLogger - Using platform encoding (Cp1252 actually) to copy filtered resources, i.e. build is platform dependent!
2022-10-13 16:42:19,495 [Worker-33: Creating project "Drive_Your_Way_Test"] INFO  o.e.m.c.i.embedder.EclipseLogger - Copying 0 resource
2022-10-13 16:42:19,499 [Worker-33: Creating project "Drive_Your_Way_Test"] WARN  o.e.m.c.i.embedder.EclipseLogger - Using platform encoding (Cp1252 actually) to copy filtered resources, i.e. build is platform dependent!
2022-10-13 16:42:19,502 [Worker-33: Creating project "Drive_Your_Way_Test"] INFO  o.e.m.c.i.embedder.EclipseLogger - Copying 0 resource
2022-10-13 16:44:02,409 [Worker-39: Updating Maven Project] INFO  o.e.m.c.i.p.ProjectConfigurationManager - Update started
2022-10-13 16:44:02,846 [Worker-39: Updating Maven Project] INFO  o.e.m.c.i.l.LifecycleMappingFactory - Using org.eclipse.m2e.jdt.JarLifecycleMapping lifecycle mapping for MavenProject: My_Project:Drive_Your_Way_Test:0.0.1-SNAPSHOT @ C:\Users\Prateek\OneDrive\simplelearn\MphasisClient_july_2022_batch2\Capstone Project\Capstone Project\Backend Project\backend-app\Drive_Your_Way_Test\pom.xml.
2022-10-13 16:44:07,048 [Worker-39: Updating Maven Project] INFO  o.e.m.j.i.AbstractJavaProjectConfigurator - Adding source folder /Drive_Your_Way_Test/src/main/java
2022-10-13 16:44:07,049 [Worker-39: Updating Maven Project] INFO  o.e.m.j.i.AbstractJavaProjectConfigurator - Adding resource folder /Drive_Your_Way_Test/src/main/resources
2022-10-13 16:44:07,083 [Worker-39: Updating Maven Project] INFO  o.e.m.j.i.AbstractJavaProjectConfigurator - Adding source folder /Drive_Your_Way_Test/src/test/java
2022-10-13 16:44:07,084 [Worker-39: Updating Maven Project] INFO  o.e.m.j.i.AbstractJavaProjectConfigurator - Adding resource folder /Drive_Your_Way_Test/src/test/resources
2022-10-13 16:44:08,576 [Worker-39: Updating Maven Project] INFO  o.e.m.c.i.embedder.EclipseLogger - Using 'UTF-8' encoding to copy filtered resources.
2022-10-13 16:44:08,584 [Worker-39: Updating Maven Project] INFO  o.e.m.c.i.embedder.EclipseLogger - Copying 0 resource
2022-10-13 16:44:08,588 [Worker-39: Updating Maven Project] INFO  o.e.m.c.i.embedder.EclipseLogger - Using 'UTF-8' encoding to copy filtered resources.
2022-10-13 16:44:08,595 [Worker-39: Updating Maven Project] INFO  o.e.m.c.i.embedder.EclipseLogger - Copying 0 resource
2022-10-13 16:44:09,919 [Worker-39: Updating Maven Project] INFO  o.e.m.c.i.p.ProjectConfigurationManager - Update completed: 7 sec
2022-10-13 17:09:39,013 [Worker-56: Launching driver_your_way_test] INFO  o.e.m.c.i.embedder.EclipseLogger - Using 'UTF-8' encoding to copy filtered resources.
2022-10-13 17:09:39,023 [Worker-56: Launching driver_your_way_test] INFO  o.e.m.c.i.embedder.EclipseLogger - Copying 0 resource
2022-10-13 17:09:39,024 [Worker-56: Launching driver_your_way_test] INFO  o.e.m.c.i.embedder.EclipseLogger - Using 'UTF-8' encoding to copy filtered resources.
2022-10-13 17:09:39,025 [Worker-56: Launching driver_your_way_test] INFO  o.e.m.c.i.embedder.EclipseLogger - Copying 0 resource
2022-10-13 17:11:50,872 [Worker-33: Launching driver_your_way_test] INFO  o.e.m.c.i.embedder.EclipseLogger - Using 'UTF-8' encoding to copy filtered resources.
2022-10-13 17:11:50,873 [Worker-33: Launching driver_your_way_test] INFO  o.e.m.c.i.embedder.EclipseLogger - Copying 0 resource
2022-10-13 17:11:50,879 [Worker-33: Launching driver_your_way_test] INFO  o.e.m.c.i.embedder.EclipseLogger - Using 'UTF-8' encoding to copy filtered resources.
2022-10-13 17:11:50,881 [Worker-33: Launching driver_your_way_test] INFO  o.e.m.c.i.embedder.EclipseLogger - Copying 0 resource
2022-10-13 17:13:21,306 [Worker-66: Launching driver_your_way_test] INFO  o.e.m.c.i.embedder.EclipseLogger - Using 'UTF-8' encoding to copy filtered resources.
2022-10-13 17:13:21,308 [Worker-66: Launching driver_your_way_test] INFO  o.e.m.c.i.embedder.EclipseLogger - Copying 0 resource
2022-10-13 17:13:21,316 [Worker-66: Launching driver_your_way_test] INFO  o.e.m.c.i.embedder.EclipseLogger - Using 'UTF-8' encoding to copy filtered resources.
2022-10-13 17:13:21,320 [Worker-66: Launching driver_your_way_test] INFO  o.e.m.c.i.embedder.EclipseLogger - Copying 0 resource
2022-10-13 17:24:51,504 [Worker-69: Launching driver_your_way_test] INFO  o.e.m.c.i.embedder.EclipseLogger - Using 'UTF-8' encoding to copy filtered resources.
2022-10-13 17:24:51,507 [Worker-69: Launching driver_your_way_test] INFO  o.e.m.c.i.embedder.EclipseLogger - Copying 0 resource
2022-10-13 17:24:51,512 [Worker-69: Launching driver_your_way_test] INFO  o.e.m.c.i.embedder.EclipseLogger - Using 'UTF-8' encoding to copy filtered resources.
2022-10-13 17:24:51,515 [Worker-69: Launching driver_your_way_test] INFO  o.e.m.c.i.embedder.EclipseLogger - Copying 0 resource
2022-10-13 17:46:32,538 [Worker-85: Launching driver_your_way_test] INFO  o.e.m.c.i.embedder.EclipseLogger - Using 'UTF-8' encoding to copy filtered resources.
2022-10-13 17:46:32,540 [Worker-85: Launching driver_your_way_test] INFO  o.e.m.c.i.embedder.EclipseLogger - Copying 0 resource
2022-10-13 17:46:32,541 [Worker-85: Launching driver_your_way_test] INFO  o.e.m.c.i.embedder.EclipseLogger - Using 'UTF-8' encoding to copy filtered resources.
2022-10-13 17:46:32,542 [Worker-85: Launching driver_your_way_test] INFO  o.e.m.c.i.embedder.EclipseLogger - Copying 0 resource
2022-10-13 17:48:11,505 [Worker-83: Launching driver_your_way_test] INFO  o.e.m.c.i.embedder.EclipseLogger - Using 'UTF-8' encoding to copy filtered resources.
2022-10-13 17:48:11,505 [Worker-83: Launching driver_your_way_test] INFO  o.e.m.c.i.embedder.EclipseLogger - Copying 0 resource
2022-10-13 17:48:11,507 [Worker-83: Launching driver_your_way_test] INFO  o.e.m.c.i.embedder.EclipseLogger - Using 'UTF-8' encoding to copy filtered resources.
2022-10-13 17:48:11,509 [Worker-83: Launching driver_your_way_test] INFO  o.e.m.c.i.embedder.EclipseLogger - Copying 0 resource
2022-10-13 17:50:26,832 [Worker-65: Launching driver_your_way_test] INFO  o.e.m.c.i.embedder.EclipseLogger - Using 'UTF-8' encoding to copy filtered resources.
2022-10-13 17:50:26,833 [Worker-65: Launching driver_your_way_test] INFO  o.e.m.c.i.embedder.EclipseLogger - Copying 0 resource
2022-10-13 17:50:26,837 [Worker-65: Launching driver_your_way_test] INFO  o.e.m.c.i.embedder.EclipseLogger - Using 'UTF-8' encoding to copy filtered resources.
2022-10-13 17:50:26,838 [Worker-65: Launching driver_your_way_test] INFO  o.e.m.c.i.embedder.EclipseLogger - Copying 0 resource
2022-10-13 17:53:17,972 [Worker-82: Launching driver_your_way_test] INFO  o.e.m.c.i.embedder.EclipseLogger - Using 'UTF-8' encoding to copy filtered resources.
2022-10-13 17:53:17,973 [Worker-82: Launching driver_your_way_test] INFO  o.e.m.c.i.embedder.EclipseLogger - Copying 0 resource
2022-10-13 17:53:17,975 [Worker-82: Launching driver_your_way_test] INFO  o.e.m.c.i.embedder.EclipseLogger - Using 'UTF-8' encoding to copy filtered resources.
2022-10-13 17:53:17,977 [Worker-82: Launching driver_your_way_test] INFO  o.e.m.c.i.embedder.EclipseLogger - Copying 0 resource
2022-10-13 17:54:24,609 [Worker-93: Launching driver_your_way_test] INFO  o.e.m.c.i.embedder.EclipseLogger - Using 'UTF-8' encoding to copy filtered resources.
2022-10-13 17:54:24,610 [Worker-93: Launching driver_your_way_test] INFO  o.e.m.c.i.embedder.EclipseLogger - Copying 0 resource
2022-10-13 17:54:24,612 [Worker-93: Launching driver_your_way_test] INFO  o.e.m.c.i.embedder.EclipseLogger - Using 'UTF-8' encoding to copy filtered resources.
2022-10-13 17:54:24,614 [Worker-93: Launching driver_your_way_test] INFO  o.e.m.c.i.embedder.EclipseLogger - Copying 0 resource
2022-10-13 17:55:49,564 [Worker-91: Launching driver_your_way_test] INFO  o.e.m.c.i.embedder.EclipseLogger - Using 'UTF-8' encoding to copy filtered resources.
2022-10-13 17:55:49,567 [Worker-91: Launching driver_your_way_test] INFO  o.e.m.c.i.embedder.EclipseLogger - Copying 0 resource
2022-10-13 17:55:49,572 [Worker-91: Launching driver_your_way_test] INFO  o.e.m.c.i.embedder.EclipseLogger - Using 'UTF-8' encoding to copy filtered resources.
2022-10-13 17:55:49,574 [Worker-91: Launching driver_your_way_test] INFO  o.e.m.c.i.embedder.EclipseLogger - Copying 0 resource
2022-10-13 17:56:54,619 [Worker-91: Launching driver_your_way_test] INFO  o.e.m.c.i.embedder.EclipseLogger - Using 'UTF-8' encoding to copy filtered resources.
2022-10-13 17:56:54,620 [Worker-91: Launching driver_your_way_test] INFO  o.e.m.c.i.embedder.EclipseLogger - Copying 0 resource
2022-10-13 17:56:54,622 [Worker-91: Launching driver_your_way_test] INFO  o.e.m.c.i.embedder.EclipseLogger - Using 'UTF-8' encoding to copy filtered resources.
2022-10-13 17:56:54,623 [Worker-91: Launching driver_your_way_test] INFO  o.e.m.c.i.embedder.EclipseLogger - Copying 0 resource
2022-10-13 17:58:02,208 [Worker-95: Launching driver_your_way_test] INFO  o.e.m.c.i.embedder.EclipseLogger - Using 'UTF-8' encoding to copy filtered resources.
2022-10-13 17:58:02,209 [Worker-95: Launching driver_your_way_test] INFO  o.e.m.c.i.embedder.EclipseLogger - Copying 0 resource
2022-10-13 17:58:02,211 [Worker-95: Launching driver_your_way_test] INFO  o.e.m.c.i.embedder.EclipseLogger - Using 'UTF-8' encoding to copy filtered resources.
2022-10-13 17:58:02,214 [Worker-95: Launching driver_your_way_test] INFO  o.e.m.c.i.embedder.EclipseLogger - Copying 0 resource
2022-10-13 17:59:21,362 [Worker-95: Launching driver_your_way_test] INFO  o.e.m.c.i.embedder.EclipseLogger - Using 'UTF-8' encoding to copy filtered resources.
2022-10-13 17:59:21,363 [Worker-95: Launching driver_your_way_test] INFO  o.e.m.c.i.embedder.EclipseLogger - Copying 0 resource
2022-10-13 17:59:21,365 [Worker-95: Launching driver_your_way_test] INFO  o.e.m.c.i.embedder.EclipseLogger - Using 'UTF-8' encoding to copy filtered resources.
2022-10-13 17:59:21,366 [Worker-95: Launching driver_your_way_test] INFO  o.e.m.c.i.embedder.EclipseLogger - Copying 0 resource
2022-10-13 18:00:42,738 [Worker-92: Launching driver_your_way_test] INFO  o.e.m.c.i.embedder.EclipseLogger - Using 'UTF-8' encoding to copy filtered resources.
2022-10-13 18:00:42,739 [Worker-92: Launching driver_your_way_test] INFO  o.e.m.c.i.embedder.EclipseLogger - Copying 0 resource
2022-10-13 18:00:42,745 [Worker-92: Launching driver_your_way_test] INFO  o.e.m.c.i.embedder.EclipseLogger - Using 'UTF-8' encoding to copy filtered resources.
2022-10-13 18:00:42,749 [Worker-92: Launching driver_your_way_test] INFO  o.e.m.c.i.embedder.EclipseLogger - Copying 0 resource
2022-10-13 18:01:51,282 [Worker-95: Launching driver_your_way_test] INFO  o.e.m.c.i.embedder.EclipseLogger - Using 'UTF-8' encoding to copy filtered resources.
2022-10-13 18:01:51,284 [Worker-95: Launching driver_your_way_test] INFO  o.e.m.c.i.embedder.EclipseLogger - Copying 0 resource
2022-10-13 18:01:51,291 [Worker-95: Launching driver_your_way_test] INFO  o.e.m.c.i.embedder.EclipseLogger - Using 'UTF-8' encoding to copy filtered resources.
2022-10-13 18:01:51,292 [Worker-95: Launching driver_your_way_test] INFO  o.e.m.c.i.embedder.EclipseLogger - Copying 0 resource
2022-10-13 18:56:41,426 [Worker-104: Launching driver_your_way_test] INFO  o.e.m.c.i.embedder.EclipseLogger - Using 'UTF-8' encoding to copy filtered resources.
2022-10-13 18:56:41,442 [Worker-104: Launching driver_your_way_test] INFO  o.e.m.c.i.embedder.EclipseLogger - Copying 0 resource
2022-10-13 18:56:41,445 [Worker-104: Launching driver_your_way_test] INFO  o.e.m.c.i.embedder.EclipseLogger - Using 'UTF-8' encoding to copy filtered resources.
2022-10-13 18:56:41,445 [Worker-104: Launching driver_your_way_test] INFO  o.e.m.c.i.embedder.EclipseLogger - Copying 0 resource
2022-10-13 19:44:24,152 [Worker-122: Launching driver_your_way_test] INFO  o.e.m.c.i.embedder.EclipseLogger - Using 'UTF-8' encoding to copy filtered resources.
2022-10-13 19:44:24,156 [Worker-122: Launching driver_your_way_test] INFO  o.e.m.c.i.embedder.EclipseLogger - Copying 0 resource
2022-10-13 19:44:24,158 [Worker-122: Launching driver_your_way_test] INFO  o.e.m.c.i.embedder.EclipseLogger - Using 'UTF-8' encoding to copy filtered resources.
2022-10-13 19:44:24,160 [Worker-122: Launching driver_your_way_test] INFO  o.e.m.c.i.embedder.EclipseLogger - Copying 0 resource
2022-10-13 21:28:22,485 [Worker-139: Launching MyAppApplication] INFO  o.e.m.c.i.embedder.EclipseLogger - Using 'UTF-8' encoding to copy filtered resources.
2022-10-13 21:28:22,487 [Worker-139: Launching MyAppApplication] INFO  o.e.m.c.i.embedder.EclipseLogger - Using 'UTF-8' encoding to copy filtered properties files.
2022-10-13 21:28:22,488 [Worker-139: Launching MyAppApplication] INFO  o.e.m.c.i.embedder.EclipseLogger - Copying 0 resource
2022-10-13 21:28:22,488 [Worker-139: Launching MyAppApplication] INFO  o.e.m.c.i.embedder.EclipseLogger - Copying 0 resource
2022-10-13 21:28:22,492 [Worker-139: Launching MyAppApplication] INFO  o.e.m.c.i.embedder.EclipseLogger - Using 'UTF-8' encoding to copy filtered resources.
2022-10-13 21:28:22,493 [Worker-139: Launching MyAppApplication] INFO  o.e.m.c.i.embedder.EclipseLogger - Using 'UTF-8' encoding to copy filtered properties files.
2022-10-13 21:28:22,493 [Worker-139: Launching MyAppApplication] INFO  o.e.m.c.i.embedder.EclipseLogger - skip non existing resourceDirectory C:\Users\Prateek\OneDrive\simplelearn\MphasisClient_july_2022_batch2\Capstone Project\Capstone Project\Backend Project\backend-app\backend-app\src\test\resources
2022-10-14 15:07:04,035 [Worker-4: Loading available Gradle versions] INFO  o.e.b.c.i.u.g.PublishedGradleVersions - Gradle version information cache is out-of-date. Trying to update.
2022-10-14 19:22:35,577 [Worker-4: Loading available Gradle versions] INFO  o.e.b.c.i.u.g.PublishedGradleVersions - Gradle version information cache is up-to-date. Trying to read.
2022-10-14 19:48:32,337 [Worker-24: Launching MyAppApplication] INFO  o.e.m.c.i.embedder.EclipseLogger - Using 'UTF-8' encoding to copy filtered resources.
2022-10-14 19:48:32,346 [Worker-24: Launching MyAppApplication] INFO  o.e.m.c.i.embedder.EclipseLogger - Using 'UTF-8' encoding to copy filtered properties files.
2022-10-14 19:48:32,352 [Worker-24: Launching MyAppApplication] INFO  o.e.m.c.i.embedder.EclipseLogger - Copying 1 resource
2022-10-14 19:48:32,387 [Worker-24: Launching MyAppApplication] INFO  o.e.m.c.i.embedder.EclipseLogger - Copying 0 resource
2022-10-14 19:48:32,397 [Worker-24: Launching MyAppApplication] INFO  o.e.m.c.i.embedder.EclipseLogger - Using 'UTF-8' encoding to copy filtered resources.
2022-10-14 19:48:32,397 [Worker-24: Launching MyAppApplication] INFO  o.e.m.c.i.embedder.EclipseLogger - Using 'UTF-8' encoding to copy filtered properties files.
2022-10-14 19:48:32,397 [Worker-24: Launching MyAppApplication] INFO  o.e.m.c.i.embedder.EclipseLogger - skip non existing resourceDirectory C:\Users\Prateek\OneDrive\simplelearn\MphasisClient_july_2022_batch2\Capstone Project\Capstone Project\Backend Project\backend-app\backend-app\src\test\resources
2022-10-14 21:59:04,384 [Worker-5: Loading available Gradle versions] INFO  o.e.b.c.i.u.g.PublishedGradleVersions - Gradle version information cache is up-to-date. Trying to read.
2022-10-15 09:39:58,513 [Worker-4: Loading available Gradle versions] INFO  o.e.b.c.i.u.g.PublishedGradleVersions - Gradle version information cache is up-to-date. Trying to read.
2022-10-15 10:45:47,972 [Worker-6: Loading available Gradle versions] INFO  o.e.b.c.i.u.g.PublishedGradleVersions - Gradle version information cache is up-to-date. Trying to read.
2022-10-15 14:55:36,823 [Worker-8: Loading available Gradle versions] INFO  o.e.b.c.i.u.g.PublishedGradleVersions - Gradle version information cache is up-to-date. Trying to read.
2022-10-15 15:01:21,881 [Worker-17: Loading available Gradle versions] INFO  o.e.b.c.i.u.g.PublishedGradleVersions - Gradle version information cache is up-to-date. Trying to read.
2022-10-15 16:04:23,492 [Worker-0: Loading available Gradle versions] INFO  o.e.b.c.i.u.g.PublishedGradleVersions - Gradle version information cache is up-to-date. Trying to read.
2022-10-15 17:00:11,238 [Worker-12: Loading available Gradle versions] INFO  o.e.b.c.i.u.g.PublishedGradleVersions - Gradle version information cache is up-to-date. Trying to read.
2022-10-15 18:15:07,573 [Worker-3: Loading available Gradle versions] INFO  o.e.b.c.i.u.g.PublishedGradleVersions - Gradle version information cache is up-to-date. Trying to read.
2022-10-15 19:35:01,599 [Worker-2: Loading available Gradle versions] INFO  o.e.b.c.i.u.g.PublishedGradleVersions - Gradle version information cache is up-to-date. Trying to read.
2022-10-16 14:35:37,615 [Worker-4: Loading available Gradle versions] INFO  o.e.b.c.i.u.g.PublishedGradleVersions - Gradle version information cache is up-to-date. Trying to read.
2022-10-16 14:39:02,611 [Worker-17: Launching MyAppApplication] INFO  o.e.m.c.i.embedder.EclipseLogger - Using 'UTF-8' encoding to copy filtered resources.
2022-10-16 14:39:02,613 [Worker-17: Launching MyAppApplication] INFO  o.e.m.c.i.embedder.EclipseLogger - Using 'UTF-8' encoding to copy filtered properties files.
2022-10-16 14:39:02,618 [Worker-17: Launching MyAppApplication] INFO  o.e.m.c.i.embedder.EclipseLogger - Copying 1 resource
2022-10-16 14:39:02,634 [Worker-17: Launching MyAppApplication] INFO  o.e.m.c.i.embedder.EclipseLogger - Copying 0 resource
2022-10-16 14:39:02,637 [Worker-17: Launching MyAppApplication] INFO  o.e.m.c.i.embedder.EclipseLogger - Using 'UTF-8' encoding to copy filtered resources.
2022-10-16 14:39:02,637 [Worker-17: Launching MyAppApplication] INFO  o.e.m.c.i.embedder.EclipseLogger - Using 'UTF-8' encoding to copy filtered properties files.
2022-10-16 14:39:02,637 [Worker-17: Launching MyAppApplication] INFO  o.e.m.c.i.embedder.EclipseLogger - skip non existing resourceDirectory C:\Users\Prateek\OneDrive\simplelearn\MphasisClient_july_2022_batch2\Capstone Project\Capstone Project\Backend Project\backend-app\backend-app\src\test\resources
2022-10-16 15:37:50,348 [Worker-1: Loading available Gradle versions] INFO  o.e.b.c.i.u.g.PublishedGradleVersions - Gradle version information cache is out-of-date. Trying to update.
2022-10-16 21:08:57,163 [Worker-3: Loading available Gradle versions] INFO  o.e.b.c.i.u.g.PublishedGradleVersions - Gradle version information cache is up-to-date. Trying to read.
2022-10-16 23:00:52,580 [Worker-1: Loading available Gradle versions] INFO  o.e.b.c.i.u.g.PublishedGradleVersions - Gradle version information cache is up-to-date. Trying to read.
2022-10-16 23:01:27,814 [Worker-5: Launching MyAppApplication] INFO  o.e.m.c.i.embedder.EclipseLogger - Using 'UTF-8' encoding to copy filtered resources.
2022-10-16 23:01:27,822 [Worker-5: Launching MyAppApplication] INFO  o.e.m.c.i.embedder.EclipseLogger - Using 'UTF-8' encoding to copy filtered properties files.
2022-10-16 23:01:27,830 [Worker-5: Launching MyAppApplication] INFO  o.e.m.c.i.embedder.EclipseLogger - Copying 1 resource
2022-10-16 23:01:27,862 [Worker-5: Launching MyAppApplication] INFO  o.e.m.c.i.embedder.EclipseLogger - Copying 0 resource
2022-10-16 23:01:27,867 [Worker-5: Launching MyAppApplication] INFO  o.e.m.c.i.embedder.EclipseLogger - Using 'UTF-8' encoding to copy filtered resources.
2022-10-16 23:01:27,867 [Worker-5: Launching MyAppApplication] INFO  o.e.m.c.i.embedder.EclipseLogger - Using 'UTF-8' encoding to copy filtered properties files.
2022-10-16 23:01:27,867 [Worker-5: Launching MyAppApplication] INFO  o.e.m.c.i.embedder.EclipseLogger - skip non existing resourceDirectory C:\Users\Prateek\OneDrive\simplelearn\MphasisClient_july_2022_batch2\Capstone Project\Capstone Project\Backend Project\backend-app\backend-app\src\test\resources
2022-10-17 07:26:48,848 [Worker-3: Loading available Gradle versions] INFO  o.e.b.c.i.u.g.PublishedGradleVersions - Gradle version information cache is up-to-date. Trying to read.
2022-10-17 08:48:01,392 [Worker-3: Loading available Gradle versions] INFO  o.e.b.c.i.u.g.PublishedGradleVersions - Gradle version information cache is up-to-date. Trying to read.
